==========================================
 INSTITUTIONAL FOREX EXECUTION ENGINE 
==========================================
[C++] Connected to Python Signal Bridge at tcp://127.0.0.1:5555
[C++] Engine ready. Waiting for signals from Python...
[C++] Heartbeat: Listening for signals...
[C++] DEBUG: Received signal payload
[C++] Received 3 tickets at 1778664364.82678
[Engine] Processing signal for USDJPY=X...
[Engine] Order for USDJPY=X FILLED
  -> Lots: 0.19 | Filled: 157.86
[TRADE_EVENT] OPEN | USDJPY=X | Price: 157.85992 | PnL: $0.00 | Reason: Signal Execution
[Engine] Processing signal for AUDUSD=X...
[Engine] Order for AUDUSD=X FILLED
  -> Lots: 0.24 | Filled: 0.72
[TRADE_EVENT] OPEN | AUDUSD=X | Price: 0.72384 | PnL: $0.00 | Reason: Signal Execution
[Engine] Processing signal for USDCAD=X...
[Engine] Order for USDCAD=X FILLED
  -> Lots: 1.01 | Filled: 1.37
[TRADE_EVENT] OPEN | USDCAD=X | Price: 1.37061 | PnL: $0.00 | Reason: Signal Execution
