==========================================
 INSTITUTIONAL FOREX EXECUTION ENGINE 
==========================================
[PositionManager] Successfully recovered 34 positions from engine_state.json
[C++] Connected to Hardened PUSH/PULL Bridge at tcp://127.0.0.1:5555
[C++] Engine ready. Waiting for signals from Python...
[C++] Received Packet #1 with 11 tickets
[Engine] Processing signal for USDJPY=X...
[Engine] Order for USDJPY=X FILLED
  -> Lots: 11.8 | Filled: 158.734
[PositionManager] Warning: Position already exists for USDJPY=X
[Engine] Processing signal for USDCAD=X...
[Engine] Order for USDCAD=X FILLED
  -> Lots: 4.34 | Filled: 1.37492
[PositionManager] Warning: Position already exists for USDCAD=X
[Engine] Processing signal for USDCHF=X...
[Engine] Order for USDCHF=X FILLED
  -> Lots: 13.89 | Filled: 0.786019
[PositionManager] Warning: Position already exists for USDCHF=X
[Engine] Processing signal for EURGBP=X...
[Engine] Order for EURGBP=X FILLED
  -> Lots: 8.91 | Filled: 0.872487
[PositionManager] Warning: Position already exists for EURGBP=X
[Engine] Processing signal for GBPJPY=X...
[Engine] Order for GBPJPY=X FILLED
  -> Lots: 0.01 | Filled: 211.526
[PositionManager] Warning: Position already exists for GBPJPY=X
[Engine] Processing signal for AUDJPY=X...
[Engine] Order for AUDJPY=X FILLED
  -> Lots: 0.08 | Filled: 113.505
[PositionManager] Warning: Position already exists for AUDJPY=X
[Engine] Processing signal for GBPCAD=X...
[Engine] Order for GBPCAD=X FILLED
  -> Lots: 4.63 | Filled: 1.83183
[PositionManager] Warning: Position already exists for GBPCAD=X
[Engine] Processing signal for AUDNZD=X...
[Engine] Order for AUDNZD=X FILLED
  -> Lots: 12.24 | Filled: 1.22421
[PositionManager] Warning: Position already exists for AUDNZD=X
[Engine] Processing signal for GBPNZD=X...
[Engine] Order for GBPNZD=X FILLED
  -> Lots: 6.14 | Filled: 2.28174
[PositionManager] Warning: Position already exists for GBPNZD=X
[Engine] Processing signal for GBPCHF=X...
[Engine] Order for GBPCHF=X FILLED
  -> Lots: 8.95 | Filled: 1.0478
[PositionManager] Warning: Position already exists for GBPCHF=X
[Engine] Processing signal for GC=F...
[Engine] Order for GC=F FILLED
  -> Lots: 0.03 | Filled: 4561.9
[PositionManager] Warning: Position already exists for GC=F
